C:\SHAY ZAMBROVSKI\KMEAN\FINAL_SEQUENCE\FINAL_SEQUENCE\DEBUG\FINAL_SEQUENCE.EXE
C:\SHAY ZAMBROVSKI\KMEAN\FINAL_SEQUENCE\FINAL_SEQUENCE\DEBUG\FINAL_SEQUENCE.ILK
C:\SHAY ZAMBROVSKI\KMEAN\FINAL_SEQUENCE\FINAL_SEQUENCE\DEBUG\FINAL_SEQUENCE.PDB
C:\Shay Zambrovski\kmean\final_sequence\final_sequence\final_sequence\Debug\cl.command.1.tlog
C:\Shay Zambrovski\kmean\final_sequence\final_sequence\final_sequence\Debug\CL.read.1.tlog
C:\Shay Zambrovski\kmean\final_sequence\final_sequence\final_sequence\Debug\CL.write.1.tlog
C:\SHAY ZAMBROVSKI\KMEAN\FINAL_SEQUENCE\FINAL_SEQUENCE\FINAL_SEQUENCE\DEBUG\FINAL_SEQUENCE.EXE.INTERMEDIATE.MANIFEST
C:\Shay Zambrovski\kmean\final_sequence\final_sequence\final_sequence\Debug\final_sequence.vcxprojResolveAssemblyReference.cache
C:\Shay Zambrovski\kmean\final_sequence\final_sequence\final_sequence\Debug\final_sequence.write.1.tlog
C:\Shay Zambrovski\kmean\final_sequence\final_sequence\final_sequence\Debug\link.command.1.tlog
C:\Shay Zambrovski\kmean\final_sequence\final_sequence\final_sequence\Debug\link.read.1.tlog
C:\Shay Zambrovski\kmean\final_sequence\final_sequence\final_sequence\Debug\link.write.1.tlog
C:\Shay Zambrovski\kmean\final_sequence\final_sequence\final_sequence\Debug\mt.command.1.tlog
C:\Shay Zambrovski\kmean\final_sequence\final_sequence\final_sequence\Debug\mt.read.1.tlog
C:\Shay Zambrovski\kmean\final_sequence\final_sequence\final_sequence\Debug\mt.write.1.tlog
C:\SHAY ZAMBROVSKI\KMEAN\FINAL_SEQUENCE\FINAL_SEQUENCE\FINAL_SEQUENCE\DEBUG\PROGRAM.OBJ
C:\Shay Zambrovski\kmean\final_sequence\final_sequence\final_sequence\Debug\vc100.idb
C:\SHAY ZAMBROVSKI\KMEAN\FINAL_SEQUENCE\FINAL_SEQUENCE\FINAL_SEQUENCE\DEBUG\VC100.PDB
E:\COLLEGE\PCOMPUTING\PROJECT\FINAL_SEQUENCE\FINAL_SEQUENCE\DEBUG\FINAL_SEQUENCE.EXE
E:\COLLEGE\PCOMPUTING\PROJECT\FINAL_SEQUENCE\FINAL_SEQUENCE\DEBUG\FINAL_SEQUENCE.ILK
E:\COLLEGE\PCOMPUTING\PROJECT\FINAL_SEQUENCE\FINAL_SEQUENCE\DEBUG\FINAL_SEQUENCE.PDB
E:\COLLEGE\PCOMPUTING\PROJECT\FINAL_SEQUENCE\FINAL_SEQUENCE\FINAL_SEQUENCE\DEBUG\FINAL_SEQUENCE.EXE.INTERMEDIATE.MANIFEST
E:\COLLEGE\PCOMPUTING\PROJECT\FINAL_SEQUENCE\FINAL_SEQUENCE\FINAL_SEQUENCE\DEBUG\PROGRAM.OBJ
E:\COLLEGE\PCOMPUTING\PROJECT\FINAL_SEQUENCE\FINAL_SEQUENCE\FINAL_SEQUENCE\DEBUG\VC100.PDB
